<?xml version="1.0" encoding="UTF-8"?>
<testsuite name="com.example.restApp.HelloControllerContextTest" tests="1" skipped="0" failures="0" errors="0" timestamp="2021-11-29T18:30:46" hostname="LAPTOP-PJDMR9I9" time="0.376">
  <properties/>
  <testcase name="getHello()" classname="com.example.restApp.HelloControllerContextTest" time="0.376"/>
  <system-out><![CDATA[12:30:44.646 [Test worker] DEBUG org.springframework.test.context.BootstrapUtils - Instantiating CacheAwareContextLoaderDelegate from class [org.springframework.test.context.cache.DefaultCacheAwareContextLoaderDelegate]
12:30:44.656 [Test worker] DEBUG org.springframework.test.context.BootstrapUtils - Instantiating BootstrapContext using constructor [public org.springframework.test.context.support.DefaultBootstrapContext(java.lang.Class,org.springframework.test.context.CacheAwareContextLoaderDelegate)]
12:30:44.696 [Test worker] DEBUG org.springframework.test.context.BootstrapUtils - Instantiating TestContextBootstrapper for test class [com.example.restApp.HelloControllerContextTest] from class [org.springframework.boot.test.context.SpringBootTestContextBootstrapper]
12:30:44.709 [Test worker] INFO org.springframework.boot.test.context.SpringBootTestContextBootstrapper - Neither @ContextConfiguration nor @ContextHierarchy found for test class [com.example.restApp.HelloControllerContextTest], using SpringBootContextLoader
12:30:44.714 [Test worker] DEBUG org.springframework.test.context.support.AbstractContextLoader - Did not detect default resource location for test class [com.example.restApp.HelloControllerContextTest]: class path resource [com/example/restApp/HelloControllerContextTest-context.xml] does not exist
12:30:44.714 [Test worker] DEBUG org.springframework.test.context.support.AbstractContextLoader - Did not detect default resource location for test class [com.example.restApp.HelloControllerContextTest]: class path resource [com/example/restApp/HelloControllerContextTestContext.groovy] does not exist
12:30:44.715 [Test worker] INFO org.springframework.test.context.support.AbstractContextLoader - Could not detect default resource locations for test class [com.example.restApp.HelloControllerContextTest]: no resource found for suffixes {-context.xml, Context.groovy}.
12:30:44.716 [Test worker] INFO org.springframework.test.context.support.AnnotationConfigContextLoaderUtils - Could not detect default configuration classes for test class [com.example.restApp.HelloControllerContextTest]: HelloControllerContextTest does not declare any static, non-private, non-final, nested classes annotated with @Configuration.
12:30:44.776 [Test worker] DEBUG org.springframework.test.context.support.ActiveProfilesUtils - Could not find an 'annotation declaring class' for annotation type [org.springframework.test.context.ActiveProfiles] and class [com.example.restApp.HelloControllerContextTest]
12:30:44.824 [Test worker] DEBUG org.springframework.context.annotation.ClassPathScanningCandidateComponentProvider - Identified candidate component class: file [C:\Users\jerem\bin\java\springboot-first-project\build\classes\java\main\com\example\restApp\Application.class]
12:30:44.825 [Test worker] INFO org.springframework.boot.test.context.SpringBootTestContextBootstrapper - Found @SpringBootConfiguration com.example.restApp.Application for test class com.example.restApp.HelloControllerContextTest
12:30:44.929 [Test worker] DEBUG org.springframework.boot.test.context.SpringBootTestContextBootstrapper - @TestExecutionListeners is not present for class [com.example.restApp.HelloControllerContextTest]: using defaults.
12:30:44.930 [Test worker] INFO org.springframework.boot.test.context.SpringBootTestContextBootstrapper - Loaded default TestExecutionListener class names from location [META-INF/spring.factories]: [org.springframework.boot.test.autoconfigure.restdocs.RestDocsTestExecutionListener, org.springframework.boot.test.autoconfigure.web.client.MockRestServiceServerResetTestExecutionListener, org.springframework.boot.test.autoconfigure.web.servlet.MockMvcPrintOnlyOnFailureTestExecutionListener, org.springframework.boot.test.autoconfigure.web.servlet.WebDriverTestExecutionListener, org.springframework.boot.test.autoconfigure.webservices.client.MockWebServiceServerTestExecutionListener, org.springframework.boot.test.mock.mockito.MockitoTestExecutionListener, org.springframework.boot.test.mock.mockito.ResetMocksTestExecutionListener, org.springframework.test.context.web.ServletTestExecutionListener, org.springframework.test.context.support.DirtiesContextBeforeModesTestExecutionListener, org.springframework.test.context.event.ApplicationEventsTestExecutionListener, org.springframework.test.context.support.DependencyInjectionTestExecutionListener, org.springframework.test.context.support.DirtiesContextTestExecutionListener, org.springframework.test.context.transaction.TransactionalTestExecutionListener, org.springframework.test.context.jdbc.SqlScriptsTestExecutionListener, org.springframework.test.context.event.EventPublishingTestExecutionListener]
12:30:44.943 [Test worker] DEBUG org.springframework.boot.test.context.SpringBootTestContextBootstrapper - Skipping candidate TestExecutionListener [org.springframework.test.context.transaction.TransactionalTestExecutionListener] due to a missing dependency. Specify custom listener classes or make the default listener classes and their required dependencies available. Offending class: [org/springframework/transaction/TransactionDefinition]
12:30:44.943 [Test worker] DEBUG org.springframework.boot.test.context.SpringBootTestContextBootstrapper - Skipping candidate TestExecutionListener [org.springframework.test.context.jdbc.SqlScriptsTestExecutionListener] due to a missing dependency. Specify custom listener classes or make the default listener classes and their required dependencies available. Offending class: [org/springframework/transaction/interceptor/TransactionAttribute]
12:30:44.944 [Test worker] INFO org.springframework.boot.test.context.SpringBootTestContextBootstrapper - Using TestExecutionListeners: [org.springframework.test.context.web.ServletTestExecutionListener@7dac3fd8, org.springframework.test.context.support.DirtiesContextBeforeModesTestExecutionListener@425357dd, org.springframework.test.context.event.ApplicationEventsTestExecutionListener@2102a4d5, org.springframework.boot.test.mock.mockito.MockitoTestExecutionListener@210386e0, org.springframework.boot.test.autoconfigure.SpringBootDependencyInjectionTestExecutionListener@3d4d3fe7, org.springframework.test.context.support.DirtiesContextTestExecutionListener@65f87a2c, org.springframework.test.context.event.EventPublishingTestExecutionListener@51684e4a, org.springframework.boot.test.autoconfigure.restdocs.RestDocsTestExecutionListener@6ce1f601, org.springframework.boot.test.autoconfigure.web.client.MockRestServiceServerResetTestExecutionListener@38875e7d, org.springframework.boot.test.autoconfigure.web.servlet.MockMvcPrintOnlyOnFailureTestExecutionListener@1e886a5b, org.springframework.boot.test.autoconfigure.web.servlet.WebDriverTestExecutionListener@d816dde, org.springframework.boot.test.autoconfigure.webservices.client.MockWebServiceServerTestExecutionListener@6e33c391, org.springframework.boot.test.mock.mockito.ResetMocksTestExecutionListener@6c451c9c]
12:30:44.948 [Test worker] DEBUG org.springframework.test.context.support.AbstractDirtiesContextTestExecutionListener - Before test class: context [DefaultTestContext@51a06cbe testClass = HelloControllerContextTest, testInstance = [null], testMethod = [null], testException = [null], mergedContextConfiguration = [WebMergedContextConfiguration@3dddbe65 testClass = HelloControllerContextTest, locations = '{}', classes = '{class com.example.restApp.Application}', contextInitializerClasses = '[]', activeProfiles = '{}', propertySourceLocations = '{}', propertySourceProperties = '{org.springframework.boot.test.context.SpringBootTestContextBootstrapper=true}', contextCustomizers = set[org.springframework.boot.test.autoconfigure.actuate.metrics.MetricsExportContextCustomizerFactory$DisableMetricExportContextCustomizer@5d2a4eed, org.springframework.boot.test.autoconfigure.properties.PropertyMappingContextCustomizer@4b3fa0b3, org.springframework.boot.test.autoconfigure.web.servlet.WebDriverContextCustomizerFactory$Customizer@68b6f0d6, [ImportsContextCustomizer@49a64d82 key = [org.springframework.boot.test.autoconfigure.web.servlet.MockMvcAutoConfiguration, org.springframework.boot.test.autoconfigure.web.servlet.MockMvcWebClientAutoConfiguration, org.springframework.boot.test.autoconfigure.web.servlet.MockMvcWebDriverAutoConfiguration, org.springframework.boot.autoconfigure.security.oauth2.client.servlet.OAuth2ClientAutoConfiguration, org.springframework.boot.autoconfigure.security.oauth2.resource.servlet.OAuth2ResourceServerAutoConfiguration, org.springframework.boot.autoconfigure.security.servlet.SecurityAutoConfiguration, org.springframework.boot.autoconfigure.security.servlet.SecurityFilterAutoConfiguration, org.springframework.boot.autoconfigure.security.servlet.UserDetailsServiceAutoConfiguration, org.springframework.boot.test.autoconfigure.web.servlet.MockMvcSecurityConfiguration]], org.springframework.boot.test.context.filter.ExcludeFilterContextCustomizer@cb191ca, org.springframework.boot.test.json.DuplicateJsonObjectContextCustomizerFactory$DuplicateJsonObjectContextCustomizer@792bbc74, org.springframework.boot.test.mock.mockito.MockitoContextCustomizer@0, org.springframework.boot.test.web.client.TestRestTemplateContextCustomizer@531c311e, org.springframework.boot.test.context.SpringBootTestArgs@1, org.springframework.boot.test.context.SpringBootTestWebEnvironment@61710c6], resourceBasePath = 'src/main/webapp', contextLoader = 'org.springframework.boot.test.context.SpringBootContextLoader', parent = [null]], attributes = map['org.springframework.test.context.web.ServletTestExecutionListener.activateListener' -> true]], class annotated with @DirtiesContext [false] with mode [null].
12:30:44.993 [Test worker] DEBUG org.springframework.test.context.support.TestPropertySourceUtils - Adding inlined properties to environment: {spring.jmx.enabled=false, org.springframework.boot.test.context.SpringBootTestContextBootstrapper=true}

  .   ____          _            __ _ _
 /\\ / ___'_ __ _ _(_)_ __  __ _ \ \ \ \
( ( )\___ | '_ | '_| | '_ \/ _` | \ \ \ \
 \\/  ___)| |_)| | | | | || (_| |  ) ) ) )
  '  |____| .__|_| |_|_| |_\__, | / / / /
 =========|_|==============|___/=/_/_/_/
 :: Spring Boot ::                (v2.5.6)

2021-11-29 12:30:45.302  INFO 5092 --- [    Test worker] c.e.restApp.HelloControllerContextTest   : Starting HelloControllerContextTest using Java 11.0.13 on LAPTOP-PJDMR9I9 with PID 5092 (started by jerem in C:\Users\jerem\bin\java\springboot-first-project)
2021-11-29 12:30:45.304  INFO 5092 --- [    Test worker] c.e.restApp.HelloControllerContextTest   : No active profile set, falling back to default profiles: default
2021-11-29 12:30:46.818  INFO 5092 --- [    Test worker] o.s.b.t.m.w.SpringBootMockServletContext : Initializing Spring TestDispatcherServlet ''
2021-11-29 12:30:46.818  INFO 5092 --- [    Test worker] o.s.t.web.servlet.TestDispatcherServlet  : Initializing Servlet ''
2021-11-29 12:30:46.819  INFO 5092 --- [    Test worker] o.s.t.web.servlet.TestDispatcherServlet  : Completed initialization in 1 ms
2021-11-29 12:30:46.839  INFO 5092 --- [    Test worker] c.e.restApp.HelloControllerContextTest   : Started HelloControllerContextTest in 1.838 seconds (JVM running for 3.078)
]]></system-out>
  <system-err><![CDATA[]]></system-err>
</testsuite>
