<?xml version="1.0" encoding="UTF-8"?>
<testsuite name="com.example.restApp.WebApplicationTest" tests="1" skipped="0" failures="0" errors="0" timestamp="2021-11-29T18:30:48" hostname="LAPTOP-PJDMR9I9" time="0.004">
  <properties/>
  <testcase name="contextLoads()" classname="com.example.restApp.WebApplicationTest" time="0.004"/>
  <system-out><![CDATA[2021-11-29 12:30:47.685  INFO 5092 --- [    Test worker] .b.t.c.SpringBootTestContextBootstrapper : Neither @ContextConfiguration nor @ContextHierarchy found for test class [com.example.restApp.WebApplicationTest], using SpringBootContextLoader
2021-11-29 12:30:47.686  INFO 5092 --- [    Test worker] o.s.t.c.support.AbstractContextLoader    : Could not detect default resource locations for test class [com.example.restApp.WebApplicationTest]: no resource found for suffixes {-context.xml, Context.groovy}.
2021-11-29 12:30:47.686  INFO 5092 --- [    Test worker] t.c.s.AnnotationConfigContextLoaderUtils : Could not detect default configuration classes for test class [com.example.restApp.WebApplicationTest]: WebApplicationTest does not declare any static, non-private, non-final, nested classes annotated with @Configuration.
2021-11-29 12:30:47.688  INFO 5092 --- [    Test worker] .b.t.c.SpringBootTestContextBootstrapper : Found @SpringBootConfiguration com.example.restApp.Application for test class com.example.restApp.WebApplicationTest
2021-11-29 12:30:47.690  INFO 5092 --- [    Test worker] .b.t.c.SpringBootTestContextBootstrapper : Loaded default TestExecutionListener class names from location [META-INF/spring.factories]: [org.springframework.boot.test.autoconfigure.restdocs.RestDocsTestExecutionListener, org.springframework.boot.test.autoconfigure.web.client.MockRestServiceServerResetTestExecutionListener, org.springframework.boot.test.autoconfigure.web.servlet.MockMvcPrintOnlyOnFailureTestExecutionListener, org.springframework.boot.test.autoconfigure.web.servlet.WebDriverTestExecutionListener, org.springframework.boot.test.autoconfigure.webservices.client.MockWebServiceServerTestExecutionListener, org.springframework.boot.test.mock.mockito.MockitoTestExecutionListener, org.springframework.boot.test.mock.mockito.ResetMocksTestExecutionListener, org.springframework.test.context.web.ServletTestExecutionListener, org.springframework.test.context.support.DirtiesContextBeforeModesTestExecutionListener, org.springframework.test.context.event.ApplicationEventsTestExecutionListener, org.springframework.test.context.support.DependencyInjectionTestExecutionListener, org.springframework.test.context.support.DirtiesContextTestExecutionListener, org.springframework.test.context.transaction.TransactionalTestExecutionListener, org.springframework.test.context.jdbc.SqlScriptsTestExecutionListener, org.springframework.test.context.event.EventPublishingTestExecutionListener]
2021-11-29 12:30:47.692  INFO 5092 --- [    Test worker] .b.t.c.SpringBootTestContextBootstrapper : Using TestExecutionListeners: [org.springframework.test.context.web.ServletTestExecutionListener@b7d2d51, org.springframework.test.context.support.DirtiesContextBeforeModesTestExecutionListener@641ed324, org.springframework.test.context.event.ApplicationEventsTestExecutionListener@45984654, org.springframework.boot.test.mock.mockito.MockitoTestExecutionListener@4c5406b, org.springframework.boot.test.autoconfigure.SpringBootDependencyInjectionTestExecutionListener@66b0e207, org.springframework.test.context.support.DirtiesContextTestExecutionListener@74a58a06, org.springframework.test.context.event.EventPublishingTestExecutionListener@7308c820, org.springframework.boot.test.autoconfigure.restdocs.RestDocsTestExecutionListener@5d601832, org.springframework.boot.test.autoconfigure.web.client.MockRestServiceServerResetTestExecutionListener@3ca17943, org.springframework.boot.test.autoconfigure.web.servlet.MockMvcPrintOnlyOnFailureTestExecutionListener@640c216b, org.springframework.boot.test.autoconfigure.web.servlet.WebDriverTestExecutionListener@5170bc02, org.springframework.boot.test.autoconfigure.webservices.client.MockWebServiceServerTestExecutionListener@c0c8f96, org.springframework.boot.test.mock.mockito.ResetMocksTestExecutionListener@3bd08435]

  .   ____          _            __ _ _
 /\\ / ___'_ __ _ _(_)_ __  __ _ \ \ \ \
( ( )\___ | '_ | '_| | '_ \/ _` | \ \ \ \
 \\/  ___)| |_)| | | | | || (_| |  ) ) ) )
  '  |____| .__|_| |_|_| |_\__, | / / / /
 =========|_|==============|___/=/_/_/_/
 :: Spring Boot ::                (v2.5.6)

2021-11-29 12:30:47.713  INFO 5092 --- [    Test worker] com.example.restApp.WebApplicationTest   : Starting WebApplicationTest using Java 11.0.13 on LAPTOP-PJDMR9I9 with PID 5092 (started by jerem in C:\Users\jerem\bin\java\springboot-first-project)
2021-11-29 12:30:47.714  INFO 5092 --- [    Test worker] com.example.restApp.WebApplicationTest   : No active profile set, falling back to default profiles: default
2021-11-29 12:30:48.158  INFO 5092 --- [    Test worker] com.example.restApp.WebApplicationTest   : Started WebApplicationTest in 0.463 seconds (JVM running for 4.396)
]]></system-out>
  <system-err><![CDATA[]]></system-err>
</testsuite>
