<?xml version="1.0" encoding="UTF-8"?>
<testsuite name="com.example.restApp.HelloControllerWebLayerTest" tests="1" skipped="0" failures="0" errors="0" timestamp="2021-11-29T18:30:47" hostname="LAPTOP-PJDMR9I9" time="0.008">
  <properties/>
  <testcase name="getHello()" classname="com.example.restApp.HelloControllerWebLayerTest" time="0.008"/>
  <system-out><![CDATA[2021-11-29 12:30:47.240  INFO 5092 --- [    Test worker] .b.t.a.w.s.WebMvcTestContextBootstrapper : Neither @ContextConfiguration nor @ContextHierarchy found for test class [com.example.restApp.HelloControllerWebLayerTest], using SpringBootContextLoader
2021-11-29 12:30:47.241  INFO 5092 --- [    Test worker] o.s.t.c.support.AbstractContextLoader    : Could not detect default resource locations for test class [com.example.restApp.HelloControllerWebLayerTest]: no resource found for suffixes {-context.xml, Context.groovy}.
2021-11-29 12:30:47.241  INFO 5092 --- [    Test worker] t.c.s.AnnotationConfigContextLoaderUtils : Could not detect default configuration classes for test class [com.example.restApp.HelloControllerWebLayerTest]: HelloControllerWebLayerTest does not declare any static, non-private, non-final, nested classes annotated with @Configuration.
2021-11-29 12:30:47.249  INFO 5092 --- [    Test worker] .b.t.c.SpringBootTestContextBootstrapper : Found @SpringBootConfiguration com.example.restApp.Application for test class com.example.restApp.HelloControllerWebLayerTest
2021-11-29 12:30:47.250  INFO 5092 --- [    Test worker] .b.t.a.w.s.WebMvcTestContextBootstrapper : Loaded default TestExecutionListener class names from location [META-INF/spring.factories]: [org.springframework.boot.test.autoconfigure.restdocs.RestDocsTestExecutionListener, org.springframework.boot.test.autoconfigure.web.client.MockRestServiceServerResetTestExecutionListener, org.springframework.boot.test.autoconfigure.web.servlet.MockMvcPrintOnlyOnFailureTestExecutionListener, org.springframework.boot.test.autoconfigure.web.servlet.WebDriverTestExecutionListener, org.springframework.boot.test.autoconfigure.webservices.client.MockWebServiceServerTestExecutionListener, org.springframework.boot.test.mock.mockito.MockitoTestExecutionListener, org.springframework.boot.test.mock.mockito.ResetMocksTestExecutionListener, org.springframework.test.context.web.ServletTestExecutionListener, org.springframework.test.context.support.DirtiesContextBeforeModesTestExecutionListener, org.springframework.test.context.event.ApplicationEventsTestExecutionListener, org.springframework.test.context.support.DependencyInjectionTestExecutionListener, org.springframework.test.context.support.DirtiesContextTestExecutionListener, org.springframework.test.context.transaction.TransactionalTestExecutionListener, org.springframework.test.context.jdbc.SqlScriptsTestExecutionListener, org.springframework.test.context.event.EventPublishingTestExecutionListener]
2021-11-29 12:30:47.252  INFO 5092 --- [    Test worker] .b.t.a.w.s.WebMvcTestContextBootstrapper : Using TestExecutionListeners: [org.springframework.test.context.web.ServletTestExecutionListener@59e7564b, org.springframework.test.context.support.DirtiesContextBeforeModesTestExecutionListener@482ba4b1, org.springframework.test.context.event.ApplicationEventsTestExecutionListener@307af381, org.springframework.boot.test.mock.mockito.MockitoTestExecutionListener@1510b9a2, org.springframework.boot.test.autoconfigure.SpringBootDependencyInjectionTestExecutionListener@76a6f045, org.springframework.test.context.support.DirtiesContextTestExecutionListener@633ddc0c, org.springframework.test.context.event.EventPublishingTestExecutionListener@4bcdd11, org.springframework.boot.test.autoconfigure.restdocs.RestDocsTestExecutionListener@1471b98d, org.springframework.boot.test.autoconfigure.web.client.MockRestServiceServerResetTestExecutionListener@5514579e, org.springframework.boot.test.autoconfigure.web.servlet.MockMvcPrintOnlyOnFailureTestExecutionListener@58c42c8c, org.springframework.boot.test.autoconfigure.web.servlet.WebDriverTestExecutionListener@3af236d0, org.springframework.boot.test.autoconfigure.webservices.client.MockWebServiceServerTestExecutionListener@23564dd2, org.springframework.boot.test.mock.mockito.ResetMocksTestExecutionListener@54895681]

  .   ____          _            __ _ _
 /\\ / ___'_ __ _ _(_)_ __  __ _ \ \ \ \
( ( )\___ | '_ | '_| | '_ \/ _` | \ \ \ \
 \\/  ___)| |_)| | | | | || (_| |  ) ) ) )
  '  |____| .__|_| |_|_| |_\__, | / / / /
 =========|_|==============|___/=/_/_/_/
 :: Spring Boot ::                (v2.5.6)

2021-11-29 12:30:47.279  INFO 5092 --- [    Test worker] c.e.restApp.HelloControllerWebLayerTest  : Starting HelloControllerWebLayerTest using Java 11.0.13 on LAPTOP-PJDMR9I9 with PID 5092 (started by jerem in C:\Users\jerem\bin\java\springboot-first-project)
2021-11-29 12:30:47.280  INFO 5092 --- [    Test worker] c.e.restApp.HelloControllerWebLayerTest  : No active profile set, falling back to default profiles: default
2021-11-29 12:30:47.656  INFO 5092 --- [    Test worker] o.s.b.t.m.w.SpringBootMockServletContext : Initializing Spring TestDispatcherServlet ''
2021-11-29 12:30:47.656  INFO 5092 --- [    Test worker] o.s.t.web.servlet.TestDispatcherServlet  : Initializing Servlet ''
2021-11-29 12:30:47.657  INFO 5092 --- [    Test worker] o.s.t.web.servlet.TestDispatcherServlet  : Completed initialization in 1 ms
2021-11-29 12:30:47.670  INFO 5092 --- [    Test worker] c.e.restApp.HelloControllerWebLayerTest  : Started HelloControllerWebLayerTest in 0.415 seconds (JVM running for 3.909)
]]></system-out>
  <system-err><![CDATA[]]></system-err>
</testsuite>
